
(2024/07/24 5:32午前)
Daily file for 2024-07-24 already exists.
Updated 'today.md' symlink to point to 2024-07-24.md
Created 'yesterday.md' symlink to point to 2024-07-23.md

(2024/07/25 3:58午前)
Created new daily file for 2024-07-25
Updated 'today.md' symlink to point to 2024-07-25.md
Created 'yesterday.md' symlink to point to 2024-07-24.md

(2024/07/26 4:23午前)
Created new daily file for 2024-07-26
Updated 'today.md' symlink to point to 2024-07-26.md
Created 'yesterday.md' symlink to point to 2024-07-25.md

(2024/07/27 4:03午前)
Created new daily file for 2024-07-27
Updated 'today.md' symlink to point to 2024-07-27.md
Created 'yesterday.md' symlink to point to 2024-07-26.md

(2024/07/27 7:11午前)
Daily file for 2024-07-27 already exists.
Updated 'today.md' symlink to point to 2024-07-27.md
Created 'yesterday.md' symlink to point to 2024-07-26.md

(2024/07/27 7:12午前)
Daily file for 2024-07-27 already exists.
Updated 'today.md' symlink to point to 2024-07-27.md
Created 'yesterday.md' symlink to point to 2024-07-26.md

(2024/07/27 7:12午前)
Daily file for 2024-07-27 already exists.
Updated 'today.md' symlink to point to 2024-07-27.md
Created 'yesterday.md' symlink to point to 2024-07-26.md

(2024/07/27 7:13午前)
Daily file for 2024-07-27 already exists.
Updated 'today.md' symlink to point to 2024-07-27.md
Created 'yesterday.md' symlink to point to 2024-07-26.md

(2024/07/27 7:26午前)
Created new daily file for 2024-07-27
Updated 'today.md' symlink to point to 2024-07-27.md
Created 'yesterday.md' symlink to point to 2024-07-26.md

(2024/07/27 7:27午前)
Daily file for 2024-07-27 already exists.
Updated 'today.md' symlink to point to 2024-07-27.md
Created 'yesterday.md' symlink to point to 2024-07-26.md

(2024/07/27 7:32午前)
Created new daily file for 2024-07-27
Updated 'today.md' symlink to point to 2024-07-27.md
Created 'yesterday.md' symlink to point to 2024-07-26.md

(2024/07/27 7:37午前)
Created new daily file for 2024-07-27
Updated 'today.md' symlink to point to 2024-07-27.md
Created 'yesterday.md' symlink to point to 2024-07-26.md

(2024/07/27 7:38午前)
Created new daily file for 2024-07-27
Updated 'today.md' symlink to point to 2024-07-27.md
Created 'yesterday.md' symlink to point to 2024-07-26.md

(2024/07/27 7:39午前)
Created new daily file for 2024-07-27
Updated 'today.md' symlink to point to 2024-07-27.md
Created 'yesterday.md' symlink to point to 2024-07-26.md

(2024/07/27 7:40午前)
Daily file for 2024-07-27 already exists.
Updated 'today.md' symlink to point to 2024-07-27.md
Created 'yesterday.md' symlink to point to 2024-07-26.md

(2024/07/28 4:36午前)
Created new daily file for 2024-07-28
Updated 'today.md' symlink to point to 2024-07-28.md
Created 'yesterday.md' symlink to point to 2024-07-27.md
